Log file open, 03/05/17 17:44:03
LogInit:Display: Running engine for game: VlabsOvercraft
LogPlatformFile: Not using cached read wrapper
LogInit:Display: RandInit(-1175745289) SRandInit(-1175745289).
LogTaskGraph: Started task graph with 5 named threads and 6 total threads with 1 sets of task threads.
LogStats: Stats thread started at 0.050182
LogInit: Using libcurl 7.47.1
LogInit:  - built for x86_64-pc-win32
LogInit:  - supports SSL with OpenSSL/1.0.2g
LogInit:  - supports HTTP deflate (compression) using libz 1.2.8
LogInit:  - other features:
LogInit:      CURL_VERSION_SSL
LogInit:      CURL_VERSION_LIBZ
LogInit:      CURL_VERSION_IPV6
LogInit:      CURL_VERSION_ASYNCHDNS
LogInit:      CURL_VERSION_LARGEFILE
LogInit:      CURL_VERSION_IDN
LogInit:  CurlRequestOptions (configurable via config and command line):
LogInit:  - bVerifyPeer = false  - Libcurl will NOT verify peer certificate
LogInit:  - bUseHttpProxy = false  - Libcurl will NOT use HTTP proxy
LogInit:  - bDontReuseConnections = false  - Libcurl will reuse connections
LogInit:  - CertBundlePath = nullptr  - Libcurl will use whatever was configured at build time.
LogInit: Build: ++UE4+Release-4.15-CL-3299760
LogInit: Engine Version: 4.15.0-3299760+++UE4+Release-4.15
LogInit: Compatible Engine Version: 4.15.0-3299760+++UE4+Release-4.15
LogInit: Net CL: 3299760
LogDevObjectVersion: Number of dev versions registered: 14
LogDevObjectVersion:   Dev-Blueprints (B0D832E4-1F89-4F0D-ACCF-7EB736FD4AA2): 8
LogDevObjectVersion:   Dev-Build (E1C64328-A22C-4D53-A36C-8E866417BD8C): 0
LogDevObjectVersion:   Dev-Core (375EC13C-06E4-48FB-B500-84F0262A717E): 2
LogDevObjectVersion:   Dev-Editor (E4B068ED-F494-42E9-A231-DA0B2E46BB41): 14
LogDevObjectVersion:   Dev-Framework (CFFC743F-43B0-4480-9391-14DF171D2073): 22
LogDevObjectVersion:   Dev-Mobile (B02B49B5-BB20-44E9-A304-32B752E40360): 0
LogDevObjectVersion:   Dev-Networking (A4E4105C-59A1-49B5-A7C5-40C4547EDFEE): 0
LogDevObjectVersion:   Dev-Online (39C831C9-5AE6-47DC-9A44-9C173E1C8E7C): 0
LogDevObjectVersion:   Dev-Physics (78F01B33-EBEA-4F98-B9B4-84EACCB95AA2): 0
LogDevObjectVersion:   Dev-Platform (6631380F-2D4D-43E0-8009-CF276956A95A): 0
LogDevObjectVersion:   Dev-Rendering (12F88B9F-8875-4AFC-A67C-D90C383ABD29): 12
LogDevObjectVersion:   Dev-Sequencer (7B5AE74C-D270-4C10-A958-57980B212A5A): 3
LogDevObjectVersion:   Dev-VR (D7296918-1DD6-4BDD-9DE2-64A83CC13884): 0
LogDevObjectVersion:   Dev-LoadTimes (C2A15278-BFE7-4AFE-6C17-90FF531DF755): 1
LogInit: Compiled (64-bit): Feb 14 2017 02:04:14
LogInit: Compiled with Visual C++: 19.00.23026.00
LogInit: Build Configuration: Development
LogInit: Branch Name: ++UE4+Release-4.15
LogInit: Command line:  
LogInit: Base directory: D:/UnrealInstallations/UE4.15/UE_4.15/Engine/Binaries/Win64/
LogInit: Installed Engine Build: 1
LogInit: Presizing for max 8388607 objects, including 0 objects not considered by GC, pre-allocating 0 bytes for permanent pool.
LogInit: Object subsystem initialized
[2017.03.05-16.44.03:781][  0]LogInit: Selected Device Profile: [Windows]
[2017.03.05-16.44.03:781][  0]LogInit: Applying CVar settings loaded from the selected device profile: [Windows]
[2017.03.05-16.44.03:811][  0]LogInit: Computer: VIGAMUS-07
[2017.03.05-16.44.03:811][  0]LogInit: User: vigamus07
[2017.03.05-16.44.03:811][  0]LogInit: CPU Page size=65536, Cores=2
[2017.03.05-16.44.03:811][  0]LogInit: High frequency timer resolution =2.533201 MHz
[2017.03.05-16.44.03:811][  0]LogMemory: Memory total: Physical=7.9GB (8GB approx)
[2017.03.05-16.44.03:811][  0]LogMemory: Platform Memory Stats for Windows
[2017.03.05-16.44.03:811][  0]LogMemory: Process Physical Memory: 261.02 MB used, 261.02 MB peak
[2017.03.05-16.44.03:811][  0]LogMemory: Process Virtual Memory: 262.24 MB used, 262.24 MB peak
[2017.03.05-16.44.03:811][  0]LogMemory: Physical Memory: 2692.43 MB used,  5409.08 MB free, 8101.50 MB total
[2017.03.05-16.44.03:811][  0]LogMemory: Virtual Memory: 641.94 MB used,  5409.08 MB free, 134217728.00 MB total
[2017.03.05-16.44.03:878][  0]LogTextLocalizationManager: No specific translations for ('en-GB') exist, so ('en') translations will be used.
[2017.03.05-16.44.06:135][  0]LogD3D11RHI: D3D11 adapters:
[2017.03.05-16.44.06:161][  0]LogD3D11RHI:    0. 'NVIDIA GeForce GTX 750 Ti' (Feature Level 11_0)
[2017.03.05-16.44.06:161][  0]LogD3D11RHI:       1995/0/4050 MB DedicatedVideo/DedicatedSystem/SharedSystem, Outputs:1, VendorId:0x10de
[2017.03.05-16.44.06:167][  0]LogD3D11RHI:    1. 'Intel(R) HD Graphics Family' (Feature Level 11_0)
[2017.03.05-16.44.06:167][  0]LogD3D11RHI:       112/0/4050 MB DedicatedVideo/DedicatedSystem/SharedSystem, Outputs:0, VendorId:0x8086
[2017.03.05-16.44.06:168][  0]LogD3D11RHI:    2. 'Microsoft Basic Render Driver' (Feature Level 11_0)
[2017.03.05-16.44.06:168][  0]LogD3D11RHI:       0/0/4050 MB DedicatedVideo/DedicatedSystem/SharedSystem, Outputs:0, VendorId:0x1414
[2017.03.05-16.44.06:168][  0]LogD3D11RHI: Chosen D3D11 Adapter: 0
[2017.03.05-16.44.06:171][  0]LogD3D11RHI: Creating new Direct3DDevice
[2017.03.05-16.44.06:171][  0]LogD3D11RHI:     GPU DeviceId: 0x1392 (for the marketing name, search the web for "GPU Device Id")
[2017.03.05-16.44.06:171][  0]LogWindows: EnumDisplayDevices:
[2017.03.05-16.44.06:171][  0]LogWindows:    0. 'Intel(R) HD Graphics Family' (P:1 D:1)
[2017.03.05-16.44.06:172][  0]LogWindows:    1. 'Intel(R) HD Graphics Family' (P:0 D:0)
[2017.03.05-16.44.06:172][  0]LogWindows:    2. 'Intel(R) HD Graphics Family' (P:0 D:0)
[2017.03.05-16.44.06:172][  0]LogWindows: DebugString: PrimaryIsNotTheChoosenAdapter PrimaryIsNotTheChoosenAdapter PrimaryIsNotTheChoosenAdapter FoundDriverCount:0 
[2017.03.05-16.44.06:172][  0]LogD3D11RHI:     Adapter Name: NVIDIA GeForce GTX 750 Ti
[2017.03.05-16.44.06:172][  0]LogD3D11RHI:   Driver Version: Unknown (internal:Unknown, unified:Unknown)
[2017.03.05-16.44.06:172][  0]LogD3D11RHI:      Driver Date: Unknown
[2017.03.05-16.44.06:172][  0]LogRHI: Texture pool is 1361 MB (70% of 1945 MB)
[2017.03.05-16.44.06:185][  0]LogD3D11RHI: NvAPI_D3D_GetCurrentSLIState failed: 0xfffffff7
[2017.03.05-16.44.06:185][  0]LogD3D11RHI: Async texture creation enabled
[2017.03.05-16.44.06:201][  0]LogD3D11RHI: GPU Timing Frequency: 1000.000000 (Debug: 2 2)
[2017.03.05-16.44.06:201][  0]LogShaderCompilers: Guid format shader working directory is -3 characters bigger than the processId version (../../../../../../Repos/VlabsOvercraft/VlabsOvercraft/Intermediate/Shaders/WorkingDirectory/1920/).
[2017.03.05-16.44.06:201][  0]LogShaderCompilers: Cleaned the shader compiler working directory 'C:/Users/vigamus07/AppData/Local/Temp/UnrealShaderWorkingDir/ACB8365B45A3A588E5D0F39EB649BF43/'.
[2017.03.05-16.44.06:201][  0]LogShaderCompilers:Display: Using Local Shader Compiler.
[2017.03.05-16.44.08:994][  0]LogTemp:Display: Loaded TP AllDesktopTargetPlatform
[2017.03.05-16.44.09:079][  0]LogTemp:Display: Loaded TP MacClientTargetPlatform
[2017.03.05-16.44.09:162][  0]LogTemp:Display: Loaded TP MacNoEditorTargetPlatform
[2017.03.05-16.44.09:247][  0]LogTemp:Display: Loaded TP MacServerTargetPlatform
[2017.03.05-16.44.09:372][  0]LogTemp:Display: Loaded TP MacTargetPlatform
[2017.03.05-16.44.09:460][  0]LogTemp:Display: Loaded TP WindowsClientTargetPlatform
[2017.03.05-16.44.09:543][  0]LogTemp:Display: Loaded TP WindowsNoEditorTargetPlatform
[2017.03.05-16.44.09:628][  0]LogTemp:Display: Loaded TP WindowsServerTargetPlatform
[2017.03.05-16.44.09:678][  0]LogTemp:Display: Loaded TP WindowsTargetPlatform
[2017.03.05-16.44.09:759][  0]LogTemp:Display: Loaded TP AndroidTargetPlatform
[2017.03.05-16.44.09:830][  0]LogTemp:Display: Loaded TP Android_ASTCTargetPlatform
[2017.03.05-16.44.09:894][  0]LogTemp:Display: Loaded TP Android_ATCTargetPlatform
[2017.03.05-16.44.09:960][  0]LogTemp:Display: Loaded TP Android_DXTTargetPlatform
[2017.03.05-16.44.10:034][  0]LogTemp:Display: Loaded TP Android_ETC1TargetPlatform
[2017.03.05-16.44.10:097][  0]LogTemp:Display: Loaded TP Android_ETC2TargetPlatform
[2017.03.05-16.44.10:227][  0]LogTemp:Display: Loaded TP Android_MultiTargetPlatform
[2017.03.05-16.44.10:227][  0]LogTemp:Display: Loaded TP Android_PVRTCTargetPlatform
[2017.03.05-16.44.10:261][  0]LogTemp:Display: Loaded TP HTML5TargetPlatform
[2017.03.05-16.44.10:368][  0]LogTemp:Display: Loaded TP IOSTargetPlatform
[2017.03.05-16.44.10:398][  0]LogTemp:Display: Loaded TP TVOSTargetPlatform
[2017.03.05-16.44.10:441][  0]LogTemp:Display: Loaded TP LinuxClientTargetPlatform
[2017.03.05-16.44.10:485][  0]LogTemp:Display: Loaded TP LinuxNoEditorTargetPlatform
[2017.03.05-16.44.10:528][  0]LogTemp:Display: Loaded TP LinuxServerTargetPlatform
[2017.03.05-16.44.10:574][  0]LogTemp:Display: Loaded TP LinuxTargetPlatform
[2017.03.05-16.44.10:574][  0]LogTargetPlatformManager:Display: Building Assets For Windows
[2017.03.05-16.44.10:864][  0]LogDerivedDataCache:Display: Max Cache Size: 512 MB
[2017.03.05-16.44.11:302][  0]LogDerivedDataCache: Loaded boot cache 0.44s 50MB C:/Users/vigamus07/AppData/Local/UnrealEngine/4.15/DerivedDataCache/Boot.ddc.
[2017.03.05-16.44.11:303][  0]LogDerivedDataCache:Display: Loaded Boot cache: C:/Users/vigamus07/AppData/Local/UnrealEngine/4.15/DerivedDataCache/Boot.ddc
[2017.03.05-16.44.11:303][  0]LogDerivedDataCache: FDerivedDataBackendGraph:  Pak pak cache file ../../../../../../Repos/VlabsOvercraft/VlabsOvercraft/DerivedDataCache/DDC.ddp not found, will not use a pak cache.
[2017.03.05-16.44.11:303][  0]LogDerivedDataCache: Unable to find inner node Pak for hierarchical cache Hierarchy.
[2017.03.05-16.44.11:303][  0]LogDerivedDataCache: FDerivedDataBackendGraph:  CompressedPak pak cache file ../../../../../../Repos/VlabsOvercraft/VlabsOvercraft/DerivedDataCache/Compressed.ddp not found, will not use a pak cache.
[2017.03.05-16.44.11:303][  0]LogDerivedDataCache: Unable to find inner node CompressedPak for hierarchical cache Hierarchy.
[2017.03.05-16.44.11:323][  0]LogDerivedDataCache:Display: Pak cache opened for reading ../../../Engine/DerivedDataCache/Compressed.ddp.
[2017.03.05-16.44.11:335][  0]LogDerivedDataCache: Using Local data cache path C:/Users/vigamus07/AppData/Local/UnrealEngine/Common/DerivedDataCache: Writable
[2017.03.05-16.44.11:343][  0]LogSlate: Using Freetype 2.6.0
[2017.03.05-16.44.11:371][  0]LogSlate: SlateFontCache - WITH_FREETYPE: 1, WITH_HARFBUZZ: 1
[2017.03.05-16.44.11:371][  0]LogSlate: SlateFontCache - WITH_FREETYPE: 1, WITH_HARFBUZZ: 1
[2017.03.05-16.44.11:740][  0]LogInit: Selected Device Profile: [Windows]
[2017.03.05-16.44.11:742][  0]LogContentStreaming: Texture pool size is 0.00 MB
[2017.03.05-16.44.11:916][  0]LogMeshUtilities: Using QuadricMeshReduction for automatic static mesh reduction
[2017.03.05-16.44.11:945][  0]LogSimplygon: Simplygon DLL not present - disabling.
[2017.03.05-16.44.11:975][  0]LogMeshUtilities: Using SimplygonSwarm for distributed automatic mesh merging
[2017.03.05-16.44.11:975][  0]LogMeshUtilities: No automatic skeletal mesh reduction module available
[2017.03.05-16.44.11:975][  0]LogMeshUtilities: No automatic mesh merging module available
[2017.03.05-16.44.12:595][  0]LogNetVersion: GetLocalNetworkVersion: CL: 3299760, ProjectName: vlabsovercraft, ProjectVersion: , EngineNetworkVersion: 2, GameNetworkVersion: 0, NetworkChecksum: 2399169033
[2017.03.05-16.44.12:635][  0]LogAssetRegistry: FAssetRegistry took 0.0220 seconds to start up
[2017.03.05-16.44.12:682][  0]LogPackageLocalizationCache: Processed 3 localized package path(s) for 2 prioritized culture(s) in 0.028717 seconds
[2017.03.05-16.44.12:688][  0]LogUObjectArray: 32475 objects as part of root set at end of initial load.
[2017.03.05-16.44.12:688][  0]LogUObjectAllocator: 7073368 out of 0 bytes used by permanent object pool.
[2017.03.05-16.44.12:688][  0]LogUObjectArray: CloseDisregardForGC: 0/0 objects in disregard for GC pool
[2017.03.05-16.44.12:728][  0]LogInit: WinSock: version 1.1 (2.2), MaxSocks=32767, MaxUdp=65467
[2017.03.05-16.44.17:894][  0]LogTcpMessaging: Initializing TcpMessaging bridge
[2017.03.05-16.44.17:923][  0]LogUdpMessaging: Initializing bridge on interface 0.0.0.0:0 to multicast group 230.0.0.1:6666.
[2017.03.05-16.44.18:286][  0]LogMaterial: Uniform references updated for custom material expression Custom.
[2017.03.05-16.44.18:556][  0]SourceControl: Info Source control is disabled
[2017.03.05-16.44.18:599][  0]SourceControl: Info Source control is disabled
[2017.03.05-16.44.18:633][  0]SourceControl: Info Source control is disabled
[2017.03.05-16.44.18:662][  0]SourceControl: Info Source control is disabled
[2017.03.05-16.44.19:704][  0]LogEngine: Initializing Engine...
[2017.03.05-16.44.19:705][  0]LogHMD: Failed to initialize OpenVR with code 110
[2017.03.05-16.44.19:899][  0]LogAIModule: Creating AISystem for world Untitled
[2017.03.05-16.44.19:906][  0]LogInit: XAudio2 using 'SAMSUNG (Audio Intel(R) per schermi)' : 2 channels at 48 kHz using 16 bits per sample (channel mask 0x3)
[2017.03.05-16.44.19:916][  0]LogInit: FAudioDevice initialized.
[2017.03.05-16.44.19:942][  0]LogDerivedDataCache: Saved boot cache 0.03s 50MB C:/Users/vigamus07/AppData/Local/UnrealEngine/4.15/DerivedDataCache/Boot.ddc.
[2017.03.05-16.44.19:949][  0]LogInit: Texture streaming: Enabled
[2017.03.05-16.44.20:016][  0]LogEngineSessionManager: EngineSessionManager initialized
[2017.03.05-16.44.20:080][  0]LogInit: Transaction tracking system initialized
[2017.03.05-16.44.20:386][  0]BlueprintLog: New page: Editor Load
[2017.03.05-16.44.21:816][  0]LocalizationService: Info Localization service is disabled
[2017.03.05-16.44.22:769][  0]LogConsoleResponse:Display: 
[2017.03.05-16.44.22:936][  0]LogCook:Display: Max memory allowance for cook 16384mb min free memory 0mb
[2017.03.05-16.44.22:936][  0]LogCook:Display: Mobile HDR setting 1
[2017.03.05-16.44.23:816][  0]LogFileCache: Scanning file cache for directory 'D:/Repos/VlabsOvercraft/VlabsOvercraft/Content/' took 0.02s
[2017.03.05-16.44.23:875][  0]SourceControl: Info Source control is disabled
[2017.03.05-16.44.23:875][  0]Cmd: MAP LOAD FILE="../../../Engine/Content/Maps/Templates/Template_Default.umap" TEMPLATE=1 SHOWPROGRESS=1 FEATURELEVEL=3
[2017.03.05-16.44.23:876][  0]LightingResults: New page: Lighting Build
[2017.03.05-16.44.23:937][  0]MapCheck: New page: Map Check
[2017.03.05-16.44.23:937][  0]LightingResults: New page: Lighting Build
[2017.03.05-16.44.24:390][  0]LogAIModule: Creating AISystem for world Untitled_1
[2017.03.05-16.44.24:392][  0]LogActorComponent: RegisterComponentWithWorld: (/Temp/Untitled_1.Untitled_1:PersistentLevel.WorldSettings_1.StaticMeshComponent0) Trying to register component with IsPendingKill() == true. Aborting.
[2017.03.05-16.44.24:400][  0]LogEditorServer: Finished looking for orphan Actors (0.000 secs)
[2017.03.05-16.44.24:405][  0]Cmd: MAP CHECKDEP NOCLEARLOG
[2017.03.05-16.44.24:455][  0]MapCheck: Info Map check complete: 0 Error(s), 0 Warning(s), took 50.662ms to complete.
[2017.03.05-16.44.24:455][  0]LogFileHelpers: Loading map 'Template_Default' took 0.580
[2017.03.05-16.44.24:754][  0]LogCollectionManager: Loaded 0 collections in 0.001200 seconds
[2017.03.05-16.44.24:836][  0]LogFileCache: Scanning file cache for directory 'D:/Repos/VlabsOvercraft/VlabsOvercraft/Saved/Collections/' took 0.01s
[2017.03.05-16.44.24:836][  0]LogFileCache: Scanning file cache for directory 'D:/Repos/VlabsOvercraft/VlabsOvercraft/Content/Developers/vigamus07/Collections/' took 0.01s
[2017.03.05-16.44.24:836][  0]LogFileCache: Scanning file cache for directory 'D:/Repos/VlabsOvercraft/VlabsOvercraft/Content/Collections/' took 0.01s
[2017.03.05-16.44.24:836][  0]LogCollectionManager: Rebuilt the GUID cache for 0 collections in 0.000002 seconds
[2017.03.05-16.44.24:848][  0]LogContentBrowser: Native class hierarchy populated in 0.0119 seconds. Added 2244 classes and 450 folders.
[2017.03.05-16.44.24:852][  0]LogStats: UGameplayTagsManager::ConstructGameplayTagTree: Construct from data asset -  0.000 s
[2017.03.05-16.44.24:852][  0]LogStats: UGameplayTagsManager::ConstructGameplayTagTree: GameplayTagTreeChangedEvent.Broadcast -  0.000 s
[2017.03.05-16.44.24:920][  0]LogContentBrowser: Native class hierarchy updated for 'WidgetCarousel' in 0.0008 seconds. Added 0 classes and 0 folders.
[2017.03.05-16.44.25:599][  0]LogContentBrowser: Native class hierarchy updated for 'AddContentDialog' in 0.0009 seconds. Added 0 classes and 0 folders.
[2017.03.05-16.44.25:652][  0]LogContentBrowser: Native class hierarchy updated for 'SceneOutliner' in 0.0008 seconds. Added 1 classes and 2 folders.
[2017.03.05-16.44.25:730][  0]LogCrashTracker: Crashtracker disabled due to settings.
[2017.03.05-16.44.25:739][  0]LogUObjectGlobals:Warning: Failed to find object 'Class None.'
[2017.03.05-16.44.25:819][  0]LogContentBrowser: Native class hierarchy updated for 'HierarchicalLODOutliner' in 0.0013 seconds. Added 1 classes and 2 folders.
[2017.03.05-16.44.25:820][  0]LogLoad: (Engine Initialization) Total time: 23.89 seconds
[2017.03.05-16.44.25:820][  0]LogLoad: (Engine Initialization) Total Blueprint compile time: 0.26 seconds
[2017.03.05-16.44.25:820][  0]LogExternalProfiler: Found external profiler: VSPerf
[2017.03.05-16.44.25:820][  0]LogExternalProfiler: Using external profiler: VSPerf
[2017.03.05-16.44.25:832][  0]LogOcInput: OculusInput pre-init called
[2017.03.05-16.44.25:853][  0]LogContentStreaming: Texture pool size now 1000 MB
[2017.03.05-16.44.25:855][  0]LogSlate: Took 0.000242 seconds to synchronously load lazily loaded font '../../../Engine/Content/Slate/Fonts/Roboto-Regular.ttf' (155K)
[2017.03.05-16.44.25:861][  0]LogSlate: Took 0.000221 seconds to synchronously load lazily loaded font '../../../Engine/Content/Slate/Fonts/Roboto-Bold.ttf' (160K)
[2017.03.05-16.44.26:000][  0]LogSlate: Took 0.130831 seconds to synchronously load lazily loaded font '../../../Engine/Content/Editor/Slate/Fonts/FontAwesome.ttf' (139K)
[2017.03.05-16.44.26:125][  0]LogSlate: Took 0.000277 seconds to synchronously load lazily loaded font '../../../Engine/Content/Slate/Fonts/Roboto-Light.ttf' (159K)
[2017.03.05-16.44.26:210][  0]LogRenderer: Reallocating scene render targets to support 840x328 NumSamples 1 (Frame:2).
[2017.03.05-16.44.26:366][  1]LogAssetRegistry: Asset discovery search completed in 13.7536 seconds
[2017.03.05-16.44.26:366][  1]LogCollectionManager: Rebuilt the object cache for 0 collections in 0.000004 seconds (found 0 objects)
[2017.03.05-16.44.26:366][  1]LogCollectionManager: Fixed up redirectors for 0 collections in 0.000025 seconds (updated 0 objects)
[2017.03.05-16.44.26:859][ 36]LogSlate: Took 0.000303 seconds to synchronously load lazily loaded font '../../../Engine/Content/Slate/Fonts/Roboto-Light.ttf' (159K)
[2017.03.05-16.44.29:261][243]LogSlate: Took 0.000323 seconds to synchronously load lazily loaded font '../../../Engine/Content/Slate/Fonts/Roboto-Light.ttf' (159K)
[2017.03.05-16.44.30:232][243]LogAIModule: Creating AISystem for world MyMap
[2017.03.05-16.44.30:240][243]LogSlate: Took 0.000264 seconds to synchronously load lazily loaded font '../../../Engine/Content/Slate/Fonts/Roboto-Regular.ttf' (155K)
[2017.03.05-16.44.30:325][243]Cmd: MAP LOAD FILE="../../../../../../Repos/VlabsOvercraft/VlabsOvercraft/Content/Maps/MyMap.umap" TEMPLATE=0 SHOWPROGRESS=1 FEATURELEVEL=3
[2017.03.05-16.44.30:325][243]LightingResults: New page: Lighting Build
[2017.03.05-16.44.30:327][243]LoadErrors: New page: Loading map: MyMap.umap
[2017.03.05-16.44.30:327][243]MapCheck: New page: Map Check
[2017.03.05-16.44.30:327][243]LightingResults: New page: Lighting Build
[2017.03.05-16.44.31:189][243]LogEditorServer: Finished looking for orphan Actors (0.000 secs)
[2017.03.05-16.44.31:214][243]Cmd: MAP CHECKDEP NOCLEARLOG
[2017.03.05-16.44.31:246][243]MapCheck: Info Map check complete: 0 Error(s), 0 Warning(s), took 32.036ms to complete.
[2017.03.05-16.44.31:246][243]LogFileHelpers: Loading map 'MyMap' took 0.922
[2017.03.05-16.44.32:277][321]LogTemp: Repeting last play command: Selected Viewport
[2017.03.05-16.44.32:291][321]LogPlayLevel: PlayLevel: No blueprints needed recompiling
[2017.03.05-16.44.32:292][321]PIE: New page: PIE session: MyMap (5 Mar 2017 18:44:32)
[2017.03.05-16.44.32:292][321]LogPlayLevel: Creating play world package: /Game/Maps/UEDPIE_0_MyMap
[2017.03.05-16.44.32:308][321]LogPlayLevel: PIE: StaticDuplicateObject took: (0.015625s)
[2017.03.05-16.44.32:308][321]LogAIModule: Creating AISystem for world MyMap
[2017.03.05-16.44.32:309][321]LogPlayLevel: PIE: World Init took: (0.000795s)
[2017.03.05-16.44.32:309][321]LogPlayLevel: PIE: Created PIE world by copying editor world from /Game/Maps/MyMap.MyMap to /Game/Maps/UEDPIE_0_MyMap.MyMap (0.016680s)
[2017.03.05-16.44.32:331][321]LogInit: XAudio2 using 'SAMSUNG (Audio Intel(R) per schermi)' : 2 channels at 48 kHz using 16 bits per sample (channel mask 0x3)
[2017.03.05-16.44.32:334][321]LogInit: FAudioDevice initialized.
[2017.03.05-16.44.32:377][321]LogLoad: Game class is 'GameModeBase'
[2017.03.05-16.44.32:380][321]LogWorld: Bringing World /Game/Maps/UEDPIE_0_MyMap.MyMap up for play (max tick rate 0) at 2017.03.05-17.44.32
[2017.03.05-16.44.32:381][321]LogWorld: Bringing up level for play took: 0.002818
[2017.03.05-16.44.32:410][321]LogContentBrowser: Native class hierarchy updated for 'MovieSceneCapture' in 0.0009 seconds. Added 11 classes and 0 folders.
[2017.03.05-16.44.32:411][321]PIE: Info Play in editor start time for /Game/Maps/UEDPIE_0_MyMap -0.567
[2017.03.05-16.44.40:293][170]LogEditorViewport: Clicking on Actor (LMB): Landscape (Landscape)
[2017.03.05-16.44.43:278][410]LogActorComponent: UnregisterComponent: (/Engine/Transient.SphereBrushComponent) Not registered. Aborting.
[2017.03.05-16.44.43:296][410]LogTexture:Display: Building textures: Texture2D_2 (G8)
[2017.03.05-16.44.54:193][475]Cmd: TRANSACTION UNDO
[2017.03.05-16.44.54:193][475]LogEditorTransaction: Undo Landscape Editing: Noise
[2017.03.05-16.44.54:242][475]LogTexture:Display: Building textures: Texture2D_0 (BGRA8)
[2017.03.05-16.44.54:259][475]LogMaterial: 0.00 seconds spent updating 1 materials, 1 interfaces, 0 instances, 0 with static permutations.
[2017.03.05-16.44.54:260][475]LogMaterial: 0.00 seconds spent updating 1 materials, 1 interfaces, 0 instances, 0 with static permutations.
[2017.03.05-16.44.54:260][475]LogMaterial: 0.00 seconds spent updating 1 materials, 1 interfaces, 0 instances, 0 with static permutations.
[2017.03.05-16.44.54:261][475]LogMaterial: 0.00 seconds spent updating 1 materials, 1 interfaces, 0 instances, 0 with static permutations.
[2017.03.05-16.44.54:264][475]LogMaterial: 0.00 seconds spent updating 1 materials, 1 interfaces, 0 instances, 0 with static permutations.
[2017.03.05-16.44.54:265][475]LogMaterial: 0.00 seconds spent updating 1 materials, 1 interfaces, 0 instances, 0 with static permutations.
[2017.03.05-16.44.57:516][767]Cmd: TRANSACTION UNDO
[2017.03.05-16.44.57:516][767]LogEditorTransaction: Undo Edit Noise Scale
[2017.03.05-16.44.59:182][918]Cmd: TRANSACTION UNDO
[2017.03.05-16.44.59:182][918]LogEditorTransaction: Undo Landscape Editing: Noise
[2017.03.05-16.44.59:216][918]LogMaterial: 0.00 seconds spent updating 1 materials, 1 interfaces, 0 instances, 0 with static permutations.
[2017.03.05-16.44.59:216][918]LogMaterial: 0.00 seconds spent updating 1 materials, 1 interfaces, 0 instances, 0 with static permutations.
[2017.03.05-16.44.59:218][918]LogMaterial: 0.00 seconds spent updating 1 materials, 1 interfaces, 0 instances, 0 with static permutations.
[2017.03.05-16.44.59:218][918]LogMaterial: 0.00 seconds spent updating 1 materials, 1 interfaces, 0 instances, 0 with static permutations.
[2017.03.05-16.45.08:469][897]Cmd: TRANSACTION UNDO
[2017.03.05-16.45.08:469][897]LogEditorTransaction: Undo Landscape Editing: Noise
[2017.03.05-16.45.08:502][897]LogMaterial: 0.00 seconds spent updating 1 materials, 1 interfaces, 0 instances, 0 with static permutations.
[2017.03.05-16.45.08:504][897]LogMaterial: 0.00 seconds spent updating 1 materials, 1 interfaces, 0 instances, 0 with static permutations.
[2017.03.05-16.45.08:504][897]LogMaterial: 0.00 seconds spent updating 1 materials, 1 interfaces, 0 instances, 0 with static permutations.
[2017.03.05-16.45.08:504][897]LogMaterial: 0.00 seconds spent updating 1 materials, 1 interfaces, 0 instances, 0 with static permutations.
[2017.03.05-16.45.08:505][897]LogMaterial: 0.00 seconds spent updating 1 materials, 1 interfaces, 0 instances, 0 with static permutations.
[2017.03.05-16.45.08:505][897]LogMaterial: 0.00 seconds spent updating 1 materials, 1 interfaces, 0 instances, 0 with static permutations.
[2017.03.05-16.45.08:510][897]LogTexture:Display: Building textures: Texture2D_0 (BGRA8)
[2017.03.05-16.45.08:524][897]LogMaterial: 0.00 seconds spent updating 1 materials, 1 interfaces, 0 instances, 0 with static permutations.
[2017.03.05-16.45.08:525][897]LogMaterial: 0.00 seconds spent updating 1 materials, 1 interfaces, 0 instances, 0 with static permutations.
[2017.03.05-16.45.08:525][897]LogMaterial: 0.00 seconds spent updating 1 materials, 1 interfaces, 0 instances, 0 with static permutations.
[2017.03.05-16.45.11:147][116]LogTemp: Repeting last play command: Selected Viewport
[2017.03.05-16.45.11:164][116]LogPlayLevel: PlayLevel: No blueprints needed recompiling
[2017.03.05-16.45.11:164][116]PIE: New page: PIE session: MyMap (5 Mar 2017 18:45:11)
[2017.03.05-16.45.11:165][116]LogPlayLevel: Creating play world package: /Game/Maps/UEDPIE_0_MyMap
[2017.03.05-16.45.11:179][116]LogPlayLevel: PIE: StaticDuplicateObject took: (0.014095s)
[2017.03.05-16.45.11:179][116]LogAIModule: Creating AISystem for world MyMap
[2017.03.05-16.45.11:180][116]LogPlayLevel: PIE: World Init took: (0.000818s)
[2017.03.05-16.45.11:180][116]LogPlayLevel: PIE: Created PIE world by copying editor world from /Game/Maps/MyMap.MyMap to /Game/Maps/UEDPIE_0_MyMap.MyMap (0.015144s)
[2017.03.05-16.45.11:218][116]LogInit: XAudio2 using 'SAMSUNG (Audio Intel(R) per schermi)' : 2 channels at 48 kHz using 16 bits per sample (channel mask 0x3)
[2017.03.05-16.45.11:222][116]LogInit: FAudioDevice initialized.
[2017.03.05-16.45.11:253][116]LogLoad: Game class is 'GameModeBase'
[2017.03.05-16.45.11:256][116]LogWorld: Bringing World /Game/Maps/UEDPIE_0_MyMap.MyMap up for play (max tick rate 0) at 2017.03.05-17.45.11
[2017.03.05-16.45.11:256][116]LogWorld: Bringing up level for play took: 0.003117
[2017.03.05-16.45.11:257][116]PIE: Info Play in editor start time for /Game/Maps/UEDPIE_0_MyMap 0.279
[2017.03.05-16.47.22:690][722]Cmd: LevelEditor.ToggleImmersive
[2017.03.05-16.47.22:833][723]LogRenderer: Reallocating scene render targets to support 948x416 NumSamples 1 (Frame:19967).
[2017.03.05-16.47.22:879][724]LogRenderer: Reallocating scene render targets to support 1280x680 NumSamples 1 (Frame:19969).
[2017.03.05-16.51.00:527][432]LogEditorViewport: Clicking on Actor (context menu): Landscape (Landscape)
[2017.03.05-16.51.06:953][ 78]Cmd: BRUSH ADD SELECTNEWBRUSH
[2017.03.05-16.51.07:001][ 78]LogTexture:Display: Building textures: Texture2D_0 (BGRA8)
[2017.03.05-16.51.11:809][578]Cmd: DELETE
[2017.03.05-16.51.11:809][578]Cmd: ACTOR DELETE
[2017.03.05-16.51.11:809][578]LogEditorActor: Deleted Actor: Brush
[2017.03.05-16.51.11:834][578]LogEditorActor: Deleted 1 Actors (0.025 secs)
[2017.03.05-16.51.14:215][840]Cmd: BRUSH ADD SELECTNEWBRUSH
[2017.03.05-16.51.40:101][636]Cmd: CAMERA ALIGN ACTIVEVIEWPORTONLY
[2017.03.05-16.51.51:605][983]Cmd: CAMERA ALIGN ACTIVEVIEWPORTONLY
[2017.03.05-16.52.00:209][987]Cmd: DELETE
[2017.03.05-16.52.00:209][987]Cmd: ACTOR DELETE
[2017.03.05-16.52.00:210][987]LogEditorActor: Deleted Actor: Brush
[2017.03.05-16.52.00:233][987]LogEditorActor: Deleted 1 Actors (0.025 secs)
[2017.03.05-16.52.01:579][147]Cmd: TRANSACTION UNDO
[2017.03.05-16.52.01:579][147]LogEditorTransaction: Undo Delete Actors
[2017.03.05-16.52.10:701][ 49]Cmd: DELETE
[2017.03.05-16.52.10:702][ 49]LogGeometryMode:Warning: Unable to find 1 Poly(s) in new BSP
[2017.03.05-16.52.10:702][ 49]LogGeometryMode:Warning: Unable to resolve SphereBrush Brush in new BSP, see above
[2017.03.05-16.52.10:702][ 49]LogGeometryMode:Warning: Unable to find all previously selected geometry data, resetting selection
[2017.03.05-16.52.32:742][425]Cmd: DELETE
[2017.03.05-16.52.32:742][425]Cmd: ACTOR DELETE
[2017.03.05-16.52.32:743][425]LogEditorActor: Deleted Actor: Brush
[2017.03.05-16.52.32:768][425]LogEditorActor: Deleted 1 Actors (0.026 secs)
[2017.03.05-16.52.34:610][644]Cmd: TRANSACTION UNDO
[2017.03.05-16.52.34:610][644]LogEditorTransaction: Undo Delete Actors
[2017.03.05-16.52.36:123][757]LogActorFactory: Actor Factory created Cube
[2017.03.05-16.52.36:799][826]LogActorFactory: Actor Factory created Cube
[2017.03.05-16.54.38:656][997]LogPlayLevel: PlayLevel: No blueprints needed recompiling
[2017.03.05-16.54.38:656][997]PIE: New page: PIE session: MyMap (5 Mar 2017 18:54:38)
[2017.03.05-16.54.38:656][997]LogPlayLevel: Creating play world package: /Game/Maps/UEDPIE_0_MyMap
[2017.03.05-16.54.38:677][997]LogPlayLevel: PIE: StaticDuplicateObject took: (0.020758s)
[2017.03.05-16.54.38:678][997]LogAIModule: Creating AISystem for world MyMap
[2017.03.05-16.54.38:679][997]LogPlayLevel: PIE: World Init took: (0.001043s)
[2017.03.05-16.54.38:679][997]LogPlayLevel: PIE: Created PIE world by copying editor world from /Game/Maps/MyMap.MyMap to /Game/Maps/UEDPIE_0_MyMap.MyMap (0.022084s)
[2017.03.05-16.54.38:707][997]LogInit: XAudio2 using 'SAMSUNG (Audio Intel(R) per schermi)' : 2 channels at 48 kHz using 16 bits per sample (channel mask 0x3)
[2017.03.05-16.54.38:711][997]LogInit: FAudioDevice initialized.
[2017.03.05-16.54.38:740][997]LogLoad: Game class is 'GameModeBase'
[2017.03.05-16.54.38:744][997]LogWorld: Bringing World /Game/Maps/UEDPIE_0_MyMap.MyMap up for play (max tick rate 0) at 2017.03.05-17.54.38
[2017.03.05-16.54.38:745][997]LogWorld: Bringing up level for play took: 0.004010
[2017.03.05-16.54.38:746][997]PIE: Info Play in editor start time for /Game/Maps/UEDPIE_0_MyMap -0.232
[2017.03.05-16.57.26:646][863]Cmd: OBJ SAVEPACKAGE PACKAGE="/Game/Maps/MyMap" FILE="../../../../../../Repos/VlabsOvercraft/VlabsOvercraft/Content/Maps/MyMap.umap" SILENT=true AUTOSAVING=false KEEPDIRTY=false
[2017.03.05-16.57.27:106][863]LogSavePackage: Save=427.81ms
[2017.03.05-16.57.27:106][863]LogSavePackage: Moving '../../../../../../Repos/VlabsOvercraft/VlabsOvercraft/Saved/MyMap09F14F034094EAB5C46E14A74472253F.tmp' to '../../../../../../Repos/VlabsOvercraft/VlabsOvercraft/Content/Maps/MyMap.umap'
[2017.03.05-16.57.27:110][863]LogSavePackage:Display: Finished SavePackage ../../../../../../Repos/VlabsOvercraft/VlabsOvercraft/Content/Maps/MyMap.umap
[2017.03.05-16.57.27:136][863]LogFileHelpers: Saving map 'MyMap' took 0.531
[2017.03.05-16.57.27:427][864]Cmd: QUIT_EDITOR
[2017.03.05-16.57.28:063][864]LogWindowsTextInputMethodSystem:Display: IME system now deactivated.
[2017.03.05-16.57.28:109][864]LogExit: Preparing to exit.
[2017.03.05-16.57.29:272][864]LogDirectoryWatcher: A directory notification for 'D:/Repos/VlabsOvercraft/VlabsOvercraft/Content/' was aborted.
[2017.03.05-16.57.29:292][864]LogExit: Editor shut down
[2017.03.05-16.57.29:293][864]LogExit: Transaction tracking system shut down
[2017.03.05-16.57.29:367][864]LogObj: Freed 0b from 0 cluster array pools.
[2017.03.05-16.57.29:367][864]LogExit: Object subsystem successfully closed.
[2017.03.05-16.57.29:387][864]LogD3D11RHI: Shutdown
[2017.03.05-16.57.29:387][864]LogD3D11RHI: CleanupD3DDevice
[2017.03.05-16.57.29:503][864]LogD3D11RHI: ~FD3D11DynamicRHI
[2017.03.05-16.57.29:511][864]LogModuleManager: Shutting down and abandoning module MovieSceneCapture (498)
[2017.03.05-16.57.29:511][864]LogModuleManager: Shutting down and abandoning module HierarchicalLODOutliner (496)
[2017.03.05-16.57.29:511][864]LogModuleManager: Shutting down and abandoning module CrashTracker (494)
[2017.03.05-16.57.29:511][864]LogModuleManager: Shutting down and abandoning module SceneOutliner (492)
[2017.03.05-16.57.29:511][864]LogModuleManager: Shutting down and abandoning module AddContentDialog (490)
[2017.03.05-16.57.29:511][864]LogDirectoryWatcher: A directory notification for 'D:/UnrealInstallations/UE4.15/UE_4.15/FeaturePacks/' was aborted.
[2017.03.05-16.57.29:512][864]LogModuleManager: Shutting down and abandoning module WidgetCarousel (489)
[2017.03.05-16.57.29:512][864]LogModuleManager: Shutting down and abandoning module EditorWidgets (486)
[2017.03.05-16.57.29:512][864]LogModuleManager: Shutting down and abandoning module CollectionManager (484)
[2017.03.05-16.57.29:512][864]LogDirectoryWatcher: A directory notification for 'D:/Repos/VlabsOvercraft/VlabsOvercraft/Content/Collections/' was aborted.
[2017.03.05-16.57.29:512][864]LogDirectoryWatcher: A directory notification for 'D:/Repos/VlabsOvercraft/VlabsOvercraft/Content/Developers/vigamus07/Collections/' was aborted.
[2017.03.05-16.57.29:512][864]LogDirectoryWatcher: A directory notification for 'D:/Repos/VlabsOvercraft/VlabsOvercraft/Saved/Collections/' was aborted.
[2017.03.05-16.57.29:512][864]LogModuleManager: Shutting down and abandoning module StatsViewer (482)
[2017.03.05-16.57.29:512][864]LogModuleManager: Shutting down and abandoning module FoliageEdit (480)
[2017.03.05-16.57.29:512][864]LogModuleManager: Shutting down and abandoning module LandscapeEditor (478)
[2017.03.05-16.57.29:512][864]LogModuleManager: Shutting down and abandoning module SceneDepthPickerMode (476)
[2017.03.05-16.57.29:512][864]LogModuleManager: Shutting down and abandoning module ActorPickerMode (474)
[2017.03.05-16.57.29:512][864]LogModuleManager: Shutting down and abandoning module GeometryMode (472)
[2017.03.05-16.57.29:512][864]LogModuleManager: Shutting down and abandoning module TextureAlignMode (470)
[2017.03.05-16.57.29:512][864]LogModuleManager: Shutting down and abandoning module BspMode (468)
[2017.03.05-16.57.29:512][864]LogModuleManager: Shutting down and abandoning module HardwareSurvey (466)
[2017.03.05-16.57.29:512][864]LogModuleManager: Shutting down and abandoning module SequenceRecorderSections (464)
[2017.03.05-16.57.29:512][864]LogModuleManager: Shutting down and abandoning module AutomationWorker (462)
[2017.03.05-16.57.29:512][864]LogModuleManager: Shutting down and abandoning module MatineeToLevelSequence (460)
[2017.03.05-16.57.29:512][864]LogModuleManager: Shutting down and abandoning module LevelSequenceEditor (458)
[2017.03.05-16.57.29:512][864]LogModuleManager: Shutting down and abandoning module PlacementMode (457)
[2017.03.05-16.57.29:513][864]LogModuleManager: Shutting down and abandoning module WmfMediaFactory (454)
[2017.03.05-16.57.29:513][864]LogModuleManager: Shutting down and abandoning module WmfMediaEditor (452)
[2017.03.05-16.57.29:513][864]LogModuleManager: Shutting down and abandoning module MfMediaFactory (450)
[2017.03.05-16.57.29:513][864]LogModuleManager: Shutting down and abandoning module MfMediaEditor (448)
[2017.03.05-16.57.29:513][864]LogModuleManager: Shutting down and abandoning module AvfMediaFactory (446)
[2017.03.05-16.57.29:513][864]LogModuleManager: Shutting down and abandoning module AvfMediaEditor (444)
[2017.03.05-16.57.29:513][864]LogModuleManager: Shutting down and abandoning module AndroidMediaFactory (442)
[2017.03.05-16.57.29:513][864]LogModuleManager: Shutting down and abandoning module Media (441)
[2017.03.05-16.57.29:513][864]LogModuleManager: Shutting down and abandoning module AndroidMediaEditor (438)
[2017.03.05-16.57.29:513][864]LogModuleManager: Shutting down and abandoning module CharacterAI (436)
[2017.03.05-16.57.29:513][864]LogModuleManager: Shutting down and abandoning module AudioCapture (434)
[2017.03.05-16.57.29:513][864]LogModuleManager: Shutting down and abandoning module SequenceRecorder (433)
[2017.03.05-16.57.29:513][864]LogModuleManager: Shutting down and abandoning module SmartSnapping (430)
[2017.03.05-16.57.29:513][864]LogModuleManager: Shutting down and abandoning module SessionServices (428)
[2017.03.05-16.57.29:513][864]LogModuleManager: Shutting down and abandoning module ViewportSnapping (426)
[2017.03.05-16.57.29:513][864]LogModuleManager: Shutting down and abandoning module ViewportInteraction (424)
[2017.03.05-16.57.29:513][864]LogModuleManager: Shutting down and abandoning module LogVisualizer (422)
[2017.03.05-16.57.29:513][864]LogModuleManager: Shutting down and abandoning module IntroTutorials (420)
[2017.03.05-16.57.29:513][864]LogModuleManager: Shutting down and abandoning module GameProjectGeneration (419)
[2017.03.05-16.57.29:513][864]LogModuleManager: Shutting down and abandoning module EditorLiveStreaming (416)
[2017.03.05-16.57.29:513][864]LogModuleManager: Shutting down and abandoning module IOSPlatformEditor (414)
[2017.03.05-16.57.29:513][864]LogModuleManager: Shutting down and abandoning module HTML5PlatformEditor (412)
[2017.03.05-16.57.29:513][864]LogModuleManager: Shutting down and abandoning module AndroidPlatformEditor (410)
[2017.03.05-16.57.29:513][864]LogModuleManager: Shutting down and abandoning module AndroidDeviceDetection (409)
[2017.03.05-16.57.29:595][864]LogModuleManager: Shutting down and abandoning module IOSRuntimeSettings (406)
[2017.03.05-16.57.29:595][864]LogModuleManager: Shutting down and abandoning module AndroidRuntimeSettings (404)
[2017.03.05-16.57.29:595][864]LogModuleManager: Shutting down and abandoning module InputBindingEditor (402)
[2017.03.05-16.57.29:595][864]LogModuleManager: Shutting down and abandoning module NiagaraEditor (400)
[2017.03.05-16.57.29:595][864]LogModuleManager: Shutting down and abandoning module MergeActors (398)
[2017.03.05-16.57.29:595][864]LogModuleManager: Shutting down and abandoning module SizeMap (396)
[2017.03.05-16.57.29:595][864]LogModuleManager: Shutting down and abandoning module TreeMap (394)
[2017.03.05-16.57.29:595][864]LogModuleManager: Shutting down and abandoning module ReferenceViewer (392)
[2017.03.05-16.57.29:595][864]LogModuleManager: Shutting down and abandoning module LocalizationDashboard (390)
[2017.03.05-16.57.29:595][864]LogModuleManager: Shutting down and abandoning module LocalizationService (389)
[2017.03.05-16.57.29:595][864]LogModuleManager: Shutting down and abandoning module HardwareTargeting (386)
[2017.03.05-16.57.29:595][864]LogModuleManager: Shutting down and abandoning module DeviceProfileEditor (384)
[2017.03.05-16.57.29:595][864]LogModuleManager: Shutting down and abandoning module UndoHistory (382)
[2017.03.05-16.57.29:595][864]LogModuleManager: Shutting down and abandoning module UserFeedback (380)
[2017.03.05-16.57.29:595][864]LogModuleManager: Shutting down and abandoning module XmlParser (378)
[2017.03.05-16.57.29:595][864]LogModuleManager: Shutting down and abandoning module Blutility (376)
[2017.03.05-16.57.29:595][864]LogModuleManager: Shutting down and abandoning module ProjectSettingsViewer (374)
[2017.03.05-16.57.29:595][864]LogModuleManager: Shutting down and abandoning module ProjectTargetPlatformEditor (373)
[2017.03.05-16.57.29:595][864]LogModuleManager: Shutting down and abandoning module EditorSettingsViewer (370)
[2017.03.05-16.57.29:595][864]LogModuleManager: Shutting down and abandoning module SettingsEditor (368)
[2017.03.05-16.57.29:596][864]LogModuleManager: Shutting down and abandoning module ProjectLauncher (366)
[2017.03.05-16.57.29:596][864]LogModuleManager: Shutting down and abandoning module SessionFrontend (364)
[2017.03.05-16.57.29:596][864]LogModuleManager: Shutting down and abandoning module ProfilerClient (362)
[2017.03.05-16.57.29:596][864]LogModuleManager: Shutting down and abandoning module DeviceManager (360)
[2017.03.05-16.57.29:596][864]LogModuleManager: Shutting down and abandoning module TargetDeviceServices (359)
[2017.03.05-16.57.29:647][864]LogModuleManager: Shutting down and abandoning module AutomationController (356)
[2017.03.05-16.57.29:647][864]LogModuleManager: Shutting down and abandoning module AutomationWindow (354)
[2017.03.05-16.57.29:647][864]LogModuleManager: Shutting down and abandoning module Layers (352)
[2017.03.05-16.57.29:647][864]LogModuleManager: Shutting down and abandoning module ComponentVisualizers (350)
[2017.03.05-16.57.29:647][864]LogModuleManager: Shutting down and abandoning module DetailCustomizations (348)
[2017.03.05-16.57.29:647][864]LogModuleManager: Shutting down and abandoning module PackagesDialog (346)
[2017.03.05-16.57.29:647][864]LogModuleManager: Shutting down and abandoning module Persona (344)
[2017.03.05-16.57.29:647][864]LogModuleManager: Shutting down and abandoning module AnimGraph (343)
[2017.03.05-16.57.29:647][864]LogModuleManager: Shutting down and abandoning module Kismet (340)
[2017.03.05-16.57.29:647][864]LogModuleManager: Shutting down and abandoning module GraphEditor (338)
[2017.03.05-16.57.29:647][864]LogModuleManager: Shutting down and abandoning module ClassViewer (336)
[2017.03.05-16.57.29:647][864]LogModuleManager: Shutting down and abandoning module Toolbox (334)
[2017.03.05-16.57.29:647][864]LogModuleManager: Shutting down and abandoning module ModuleUI (332)
[2017.03.05-16.57.29:647][864]LogModuleManager: Shutting down and abandoning module MovieSceneTools (330)
[2017.03.05-16.57.29:648][864]LogModuleManager: Shutting down and abandoning module OutputLog (328)
[2017.03.05-16.57.29:648][864]LogModuleManager: Shutting down and abandoning module GammaUI (326)
[2017.03.05-16.57.29:648][864]LogModuleManager: Shutting down and abandoning module Documentation (324)
[2017.03.05-16.57.29:648][864]LogModuleManager: Shutting down and abandoning module Niagara (322)
[2017.03.05-16.57.29:648][864]LogModuleManager: Shutting down and abandoning module StreamingPauseRendering (320)
[2017.03.05-16.57.29:648][864]LogModuleManager: Shutting down and abandoning module AnalyticsET (318)
[2017.03.05-16.57.29:648][864]LogModuleManager: Shutting down and abandoning module PortalServices (316)
[2017.03.05-16.57.29:648][864]LogModuleManager: Shutting down and abandoning module PortalRpc (314)
[2017.03.05-16.57.29:648][864]LogModuleManager: Shutting down and abandoning module MessagingRpc (312)
[2017.03.05-16.57.29:648][864]LogModuleManager: Shutting down and abandoning module AIModule (310)
[2017.03.05-16.57.29:648][864]LogModuleManager: Shutting down and abandoning module GameplayDebugger (309)
[2017.03.05-16.57.29:648][864]LogModuleManager: Shutting down and abandoning module AITestSuite (307)
[2017.03.05-16.57.29:648][864]LogModuleManager: Shutting down and abandoning module ProfilerService (304)
[2017.03.05-16.57.29:740][864]LogModuleManager: Shutting down and abandoning module TaskGraph (302)
[2017.03.05-16.57.29:740][864]LogModuleManager: Shutting down and abandoning module SteamVRController (300)
[2017.03.05-16.57.29:740][864]LogModuleManager: Shutting down and abandoning module SteamVR (298)
[2017.03.05-16.57.29:740][864]LogModuleManager: Shutting down and abandoning module ProceduralMeshComponentEditor (296)
[2017.03.05-16.57.29:740][864]LogModuleManager: Shutting down and abandoning module ProceduralMeshComponent (294)
[2017.03.05-16.57.29:740][864]LogModuleManager: Shutting down and abandoning module OculusLibrary (292)
[2017.03.05-16.57.29:740][864]LogModuleManager: Shutting down and abandoning module OculusInput (290)
[2017.03.05-16.57.29:740][864]LogModuleManager: Shutting down and abandoning module MobilePatchingUtils (288)
[2017.03.05-16.57.29:740][864]LogModuleManager: Shutting down and abandoning module CustomMeshComponent (286)
[2017.03.05-16.57.29:740][864]LogModuleManager: Shutting down and abandoning module CableComponent (284)
[2017.03.05-16.57.29:740][864]LogModuleManager: Shutting down and abandoning module ArchVisCharacter (282)
[2017.03.05-16.57.29:740][864]LogModuleManager: Shutting down and abandoning module MediaPlayerEditor (278)
[2017.03.05-16.57.29:740][864]LogModuleManager: Shutting down and abandoning module HTML5Networking (276)
[2017.03.05-16.57.29:740][864]LogModuleManager: Shutting down and abandoning module AlembicImporter (274)
[2017.03.05-16.57.29:740][864]LogModuleManager: Shutting down and abandoning module AlembicLibrary (273)
[2017.03.05-16.57.29:740][864]LogModuleManager: Shutting down and abandoning module GeometryCache (272)
[2017.03.05-16.57.29:740][864]LogModuleManager: Shutting down and abandoning module GeometryCacheEd (271)
[2017.03.05-16.57.29:740][864]LogModuleManager: Shutting down and abandoning module SuperSearchEditor (266)
[2017.03.05-16.57.29:740][864]LogModuleManager: Shutting down and abandoning module SuperSearch (265)
[2017.03.05-16.57.29:740][864]LogModuleManager: Shutting down and abandoning module SpeedTreeImporter (262)
[2017.03.05-16.57.29:740][864]LogModuleManager: Shutting down and abandoning module PluginBrowser (260)
[2017.03.05-16.57.29:740][864]LogModuleManager: Shutting down and abandoning module MobileLauncherProfileWizard (258)
[2017.03.05-16.57.29:740][864]LogModuleManager: Shutting down and abandoning module EpicSurvey (256)
[2017.03.05-16.57.29:740][864]LogModuleManager: Shutting down and abandoning module VisualStudioSourceCodeAccess (254)
[2017.03.05-16.57.29:740][864]LogModuleManager: Shutting down and abandoning module DesktopPlatform (253)
[2017.03.05-16.57.29:740][864]LogModuleManager: Shutting down and abandoning module UObjectPlugin (250)
[2017.03.05-16.57.29:740][864]LogModuleManager: Shutting down and abandoning module SubversionSourceControl (248)
[2017.03.05-16.57.29:741][864]LogModuleManager: Shutting down and abandoning module PerforceSourceControl (246)
[2017.03.05-16.57.29:741][864]LogModuleManager: Shutting down and abandoning module GitSourceControl (244)
[2017.03.05-16.57.29:741][864]LogModuleManager: Shutting down and abandoning module SourceControl (243)
[2017.03.05-16.57.29:741][864]LogModuleManager: Shutting down and abandoning module LightPropagationVolumeEditor (240)
[2017.03.05-16.57.29:741][864]LogModuleManager: Shutting down and abandoning module PaperTiledImporter (238)
[2017.03.05-16.57.29:741][864]LogModuleManager: Shutting down and abandoning module PaperSpriteSheetImporter (236)
[2017.03.05-16.57.29:741][864]LogModuleManager: Shutting down and abandoning module Paper2DEditor (234)
[2017.03.05-16.57.29:741][864]LogModuleManager: Shutting down and abandoning module MeshPaint (233)
[2017.03.05-16.57.29:741][864]LogModuleManager: Shutting down and abandoning module LevelEditor (231)
[2017.03.05-16.57.29:741][864]LogModuleManager: Shutting down and abandoning module PixelInspectorModule (230)
[2017.03.05-16.57.29:741][864]LogModuleManager: Shutting down and abandoning module MainFrame (228)
[2017.03.05-16.57.29:741][864]LogModuleManager: Shutting down and abandoning module HotReload (227)
[2017.03.05-16.57.29:742][864]LogModuleManager: Shutting down and abandoning module ContentBrowser (223)
[2017.03.05-16.57.29:743][864]LogModuleManager: Shutting down and abandoning module PhysXVehiclesEditor (220)
[2017.03.05-16.57.29:743][864]LogModuleManager: Shutting down and abandoning module PhysXVehicles (218)
[2017.03.05-16.57.29:743][864]LogModuleManager: Shutting down and abandoning module LocationServicesBPLibrary (216)
[2017.03.05-16.57.29:743][864]LogModuleManager: Shutting down and abandoning module UdpMessaging (214)
[2017.03.05-16.57.29:844][864]LogModuleManager: Shutting down and abandoning module TcpMessaging (212)
[2017.03.05-16.57.30:119][864]LogModuleManager: Shutting down and abandoning module GameplayTagsEditor (210)
[2017.03.05-16.57.30:119][864]LogModuleManager: Shutting down and abandoning module FacialAnimationEditor (208)
[2017.03.05-16.57.30:119][864]LogModuleManager: Shutting down and abandoning module FacialAnimation (206)
[2017.03.05-16.57.30:119][864]LogModuleManager: Shutting down and abandoning module LightPropagationVolumeRuntime (204)
[2017.03.05-16.57.30:119][864]LogModuleManager: Shutting down and abandoning module Paper2D (202)
[2017.03.05-16.57.30:119][864]LogModuleManager: Shutting down and abandoning module WindowsMoviePlayer (200)
[2017.03.05-16.57.30:119][864]LogModuleManager: Shutting down and abandoning module WmfMedia (198)
[2017.03.05-16.57.30:119][864]LogModuleManager: Shutting down and abandoning module MfMedia (196)
[2017.03.05-16.57.30:119][864]LogModuleManager: Shutting down and abandoning module MediaAssets (194)
[2017.03.05-16.57.30:119][864]LogModuleManager: Shutting down and abandoning module GameLiveStreaming (192)
[2017.03.05-16.57.30:119][864]LogModuleManager: Shutting down and abandoning module VREditor (190)
[2017.03.05-16.57.30:119][864]LogModuleManager: Shutting down and abandoning module GameplayTasksEditor (188)
[2017.03.05-16.57.30:119][864]LogModuleManager: Shutting down and abandoning module BehaviorTreeEditor (186)
[2017.03.05-16.57.30:119][864]LogModuleManager: Shutting down and abandoning module FunctionalTesting (184)
[2017.03.05-16.57.30:119][864]LogModuleManager: Shutting down and abandoning module CollisionAnalyzer (182)
[2017.03.05-16.57.30:119][864]LogModuleManager: Shutting down and abandoning module UMG (180)
[2017.03.05-16.57.30:120][864]LogModuleManager: Shutting down and abandoning module UMGEditor (179)
[2017.03.05-16.57.30:120][864]LogModuleManager: Shutting down and abandoning module Sequencer (178)
[2017.03.05-16.57.30:120][864]LogModuleManager: Shutting down and abandoning module AssetTools (176)
[2017.03.05-16.57.30:120][864]LogModuleManager: Shutting down and abandoning module MessageLog (175)
[2017.03.05-16.57.30:120][864]LogModuleManager: Shutting down and abandoning module WorkspaceMenuStructure (174)
[2017.03.05-16.57.30:120][864]LogModuleManager: Shutting down and abandoning module SlateReflector (168)
[2017.03.05-16.57.30:120][864]LogModuleManager: Shutting down and abandoning module Slate (166)
[2017.03.05-16.57.30:120][864]LogModuleManager: Shutting down and abandoning module EditorStyle (164)
[2017.03.05-16.57.30:122][864]LogModuleManager: Shutting down and abandoning module SourceCodeAccess (162)
[2017.03.05-16.57.30:122][864]LogModuleManager: Shutting down and abandoning module HeadMountedDisplay (160)
[2017.03.05-16.57.30:122][864]LogModuleManager: Shutting down and abandoning module XAudio2 (158)
[2017.03.05-16.57.30:122][864]LogModuleManager: Shutting down and abandoning module Networking (156)
[2017.03.05-16.57.30:122][864]LogModuleManager: Shutting down and abandoning module Core (152)
[2017.03.05-16.57.30:122][864]LogModuleManager: Shutting down and abandoning module AssetRegistry (150)
[2017.03.05-16.57.30:219][864]LogDirectoryWatcher: A directory notification for '../../../Engine/Content/' was aborted.
[2017.03.05-16.57.30:219][864]LogDirectoryWatcher: A directory notification for '../../../../../../Repos/VlabsOvercraft/VlabsOvercraft/Content/' was aborted.
[2017.03.05-16.57.30:219][864]LogDirectoryWatcher: A directory notification for '../../../Engine/Plugins/2D/Paper2D/Content/' was aborted.
[2017.03.05-16.57.30:219][864]LogModuleManager: Shutting down and abandoning module DirectoryWatcher (149)
[2017.03.05-16.57.30:220][864]LogModuleManager: Shutting down and abandoning module KismetCompiler (146)
[2017.03.05-16.57.30:220][864]LogModuleManager: Shutting down and abandoning module PhysXFormats (144)
[2017.03.05-16.57.30:220][864]LogModuleManager: Shutting down and abandoning module MeshUtilities (142)
[2017.03.05-16.57.30:220][864]LogModuleManager: Shutting down and abandoning module SimplygonSwarm (141)
[2017.03.05-16.57.30:220][864]LogModuleManager: Shutting down and abandoning module SimplygonMeshReduction (139)
[2017.03.05-16.57.30:220][864]LogModuleManager: Shutting down and abandoning module QuadricMeshReduction (137)
[2017.03.05-16.57.30:220][864]LogModuleManager: Shutting down and abandoning module PropertyEditor (135)
[2017.03.05-16.57.30:220][864]LogModuleManager: Shutting down and abandoning module DerivedDataCache (132)
[2017.03.05-16.57.30:291][864]LogDerivedDataCache: Shutdown
[2017.03.05-16.57.30:291][864]LogModuleManager: Shutting down and abandoning module TargetPlatform (130)
[2017.03.05-16.57.30:291][864]LogModuleManager: Shutting down and abandoning module VulkanShaderFormat (129)
[2017.03.05-16.57.30:291][864]LogModuleManager: Shutting down and abandoning module ShaderFormatOpenGL (127)
[2017.03.05-16.57.30:291][864]LogModuleManager: Shutting down and abandoning module ShaderFormatD3D (125)
[2017.03.05-16.57.30:291][864]LogModuleManager: Shutting down and abandoning module MetalShaderFormat (123)
[2017.03.05-16.57.30:291][864]LogModuleManager: Shutting down and abandoning module TextureFormatUncompressed (121)
[2017.03.05-16.57.30:291][864]LogModuleManager: Shutting down and abandoning module TextureFormatPVR (119)
[2017.03.05-16.57.30:291][864]LogModuleManager: Shutting down and abandoning module TextureFormatDXT (117)
[2017.03.05-16.57.30:291][864]LogModuleManager: Shutting down and abandoning module TextureFormatIntelISPCTexComp (115)
[2017.03.05-16.57.30:291][864]LogModuleManager: Shutting down and abandoning module TextureFormatASTC (113)
[2017.03.05-16.57.30:291][864]LogModuleManager: Shutting down and abandoning module ImageWrapper (112)
[2017.03.05-16.57.30:291][864]LogModuleManager: Shutting down and abandoning module TextureFormatAndroid (109)
[2017.03.05-16.57.30:291][864]LogModuleManager: Shutting down and abandoning module AudioFormatOpus (107)
[2017.03.05-16.57.30:291][864]LogModuleManager: Shutting down and abandoning module AudioFormatOgg (105)
[2017.03.05-16.57.30:291][864]LogModuleManager: Shutting down and abandoning module AudioFormatADPCM (103)
[2017.03.05-16.57.30:291][864]LogModuleManager: Shutting down and abandoning module LinuxTargetPlatform (101)
[2017.03.05-16.57.30:291][864]LogModuleManager: Shutting down and abandoning module LinuxServerTargetPlatform (99)
[2017.03.05-16.57.30:291][864]LogModuleManager: Shutting down and abandoning module LinuxNoEditorTargetPlatform (97)
[2017.03.05-16.57.30:291][864]LogModuleManager: Shutting down and abandoning module LinuxClientTargetPlatform (95)
[2017.03.05-16.57.30:291][864]LogModuleManager: Shutting down and abandoning module TVOSTargetPlatform (93)
[2017.03.05-16.57.30:291][864]LogModuleManager: Shutting down and abandoning module Messaging (91)
[2017.03.05-16.57.30:291][864]LogModuleManager: Shutting down and abandoning module IOSTargetPlatform (89)
[2017.03.05-16.57.30:291][864]LogModuleManager: Shutting down and abandoning module HTML5TargetPlatform (87)
[2017.03.05-16.57.30:291][864]LogModuleManager: Shutting down and abandoning module Android_PVRTCTargetPlatform (85)
[2017.03.05-16.57.30:291][864]LogModuleManager: Shutting down and abandoning module Android_MultiTargetPlatform (83)
[2017.03.05-16.57.30:291][864]LogModuleManager: Shutting down and abandoning module Android_ETC2TargetPlatform (81)
[2017.03.05-16.57.30:291][864]LogModuleManager: Shutting down and abandoning module Android_ETC1TargetPlatform (79)
[2017.03.05-16.57.30:292][864]LogModuleManager: Shutting down and abandoning module Android_DXTTargetPlatform (77)
[2017.03.05-16.57.30:292][864]LogModuleManager: Shutting down and abandoning module Android_ATCTargetPlatform (75)
[2017.03.05-16.57.30:292][864]LogModuleManager: Shutting down and abandoning module Android_ASTCTargetPlatform (73)
[2017.03.05-16.57.30:292][864]LogModuleManager: Shutting down and abandoning module AndroidTargetPlatform (71)
[2017.03.05-16.57.30:292][864]LogModuleManager: Shutting down and abandoning module WindowsTargetPlatform (69)
[2017.03.05-16.57.30:292][864]LogModuleManager: Shutting down and abandoning module WindowsServerTargetPlatform (67)
[2017.03.05-16.57.30:292][864]LogModuleManager: Shutting down and abandoning module WindowsNoEditorTargetPlatform (65)
[2017.03.05-16.57.30:292][864]LogModuleManager: Shutting down and abandoning module WindowsClientTargetPlatform (63)
[2017.03.05-16.57.30:292][864]LogModuleManager: Shutting down and abandoning module MacTargetPlatform (61)
[2017.03.05-16.57.30:292][864]LogModuleManager: Shutting down and abandoning module MacServerTargetPlatform (59)
[2017.03.05-16.57.30:292][864]LogModuleManager: Shutting down and abandoning module MacNoEditorTargetPlatform (57)
[2017.03.05-16.57.30:292][864]LogModuleManager: Shutting down and abandoning module MacClientTargetPlatform (55)
[2017.03.05-16.57.30:292][864]LogModuleManager: Shutting down and abandoning module AllDesktopTargetPlatform (53)
[2017.03.05-16.57.30:292][864]LogModuleManager: Shutting down and abandoning module InputCore (50)
[2017.03.05-16.57.30:292][864]LogModuleManager: Shutting down and abandoning module Settings (48)
[2017.03.05-16.57.30:292][864]LogModuleManager: Shutting down and abandoning module OculusRift (46)
[2017.03.05-16.57.30:292][864]LogModuleManager: Shutting down and abandoning module ExampleDeviceProfileSelector (44)
[2017.03.05-16.57.30:292][864]LogModuleManager: Shutting down and abandoning module OnlineBlueprintSupport (42)
[2017.03.05-16.57.30:292][864]LogModuleManager: Shutting down and abandoning module OnlineSubsystem (38)
[2017.03.05-16.57.30:292][864]LogOnline:Display: Unloading online subsystem: NULL
[2017.03.05-16.57.30:292][864]LogModuleManager: Shutting down and abandoning module XMPP (37)
[2017.03.05-16.57.30:292][864]LogModuleManager: Shutting down and abandoning module HTTP (35)
[2017.03.05-16.57.30:292][864]LogHttp:Display: Http module shutting down, but needs to wait on 1 outstanding Http requests:
[2017.03.05-16.57.30:292][864]LogHttp:Display: 	verb=[POST] url=[https://datarouter.ol.epicgames.com/datarouter/api/v1/public/data?SessionID=%7BB487443C-4E54-1876-37FD-80A556238024%7D&AppID=UEEditor.Rocket.Release&AppVersion=4.15.0-3299760%2B%2B%2BUE4%2BRelease-4.15&UserID=fb9b42b642a7815554e2c486cf3e3edb%7C894935d2fb384cffab5e9c9c750f59bb%7Cdb94e6ab-d868-4210-8be5-52235d9d2baa&AppEnvironment=datacollector-binary&UploadType=eteventstream] status=Processing
[2017.03.05-16.57.30:319][864]LogModuleManager: Shutting down and abandoning module SSL (34)
[2017.03.05-16.57.30:320][864]LogModuleManager: Shutting down and abandoning module AudioEditor (30)
[2017.03.05-16.57.30:320][864]LogModuleManager: Shutting down and abandoning module TextureCompressor (28)
[2017.03.05-16.57.30:321][864]LogModuleManager: Shutting down and abandoning module ShaderCore (26)
[2017.03.05-16.57.30:321][864]LogModuleManager: Shutting down and abandoning module Landscape (24)
[2017.03.05-16.57.30:321][864]LogModuleManager: Shutting down and abandoning module SlateRHIRenderer (22)
[2017.03.05-16.57.30:322][864]LogModuleManager: Shutting down and abandoning module OpenGLDrv (20)
[2017.03.05-16.57.30:322][864]LogModuleManager: Shutting down and abandoning module D3D11RHI (18)
[2017.03.05-16.57.30:322][864]LogModuleManager: Shutting down and abandoning module AnimGraphRuntime (16)
[2017.03.05-16.57.30:322][864]LogModuleManager: Shutting down and abandoning module Renderer (14)
[2017.03.05-16.57.30:322][864]LogModuleManager: Shutting down and abandoning module Engine (12)
[2017.03.05-16.57.30:322][864]LogModuleManager: Shutting down and abandoning module CoreUObject (10)
[2017.03.05-16.57.30:322][864]LogModuleManager: Shutting down and abandoning module NetworkFile (8)
[2017.03.05-16.57.30:322][864]LogModuleManager: Shutting down and abandoning module StreamingFile (6)
[2017.03.05-16.57.30:322][864]LogModuleManager: Shutting down and abandoning module SandboxFile (4)
[2017.03.05-16.57.30:322][864]LogModuleManager: Shutting down and abandoning module PakFile (2)
[2017.03.05-16.57.30:323][864]LogExit: Exiting.
[2017.03.05-16.57.30:324][864]Log file closed, 03/05/17 17:57:30
